2025-06-10 21:49:11,855 - __main__ - INFO - Production LQG-QFT Matter Converter initialized
2025-06-10 21:49:11,855 - __main__ - INFO - ================================================================================
2025-06-10 21:49:11,855 - __main__ - INFO - STARTING FULL ROBUSTNESS CERTIFICATION PIPELINE
2025-06-10 21:49:11,855 - __main__ - INFO - ================================================================================
2025-06-10 21:49:11,856 - __main__ - INFO - Control system matrices configured
2025-06-10 21:49:11,856 - __main__ - INFO - Starting Robustness Enhancement 1: Closed-Loop Pole Analysis
2025-06-10 21:49:11,874 - __main__ - INFO - Starting Robustness Enhancement 2: Lyapunov Stability Analysis
2025-06-10 21:49:11,876 - __main__ - INFO - Starting Robustness Enhancement 3: Monte Carlo Sweeps (N=1000)
2025-06-10 21:49:11,882 - __main__ - INFO - Monte Carlo progress: 100/1000
2025-06-10 21:49:11,888 - __main__ - INFO - Monte Carlo progress: 200/1000
2025-06-10 21:49:11,892 - __main__ - INFO - Monte Carlo progress: 300/1000
2025-06-10 21:49:11,897 - __main__ - INFO - Monte Carlo progress: 400/1000
2025-06-10 21:49:11,902 - __main__ - INFO - Monte Carlo progress: 500/1000
2025-06-10 21:49:11,909 - __main__ - INFO - Monte Carlo progress: 600/1000
2025-06-10 21:49:11,914 - __main__ - INFO - Monte Carlo progress: 700/1000
2025-06-10 21:49:11,919 - __main__ - INFO - Monte Carlo progress: 800/1000
2025-06-10 21:49:11,924 - __main__ - INFO - Monte Carlo progress: 900/1000
2025-06-10 21:49:11,929 - __main__ - INFO - Monte Carlo progress: 1000/1000
2025-06-10 21:49:11,930 - __main__ - INFO - Starting Robustness Enhancement 4: Matter-Density Dynamics
2025-06-10 21:49:12,207 - __main__ - INFO - Starting Robustness Enhancement 6: Real-Time Fault Detection
2025-06-10 21:49:12,240 - __main__ - INFO - 
================================================================================
2025-06-10 21:49:12,242 - __main__ - INFO - PRODUCTION CERTIFICATION REPORT
2025-06-10 21:49:12,242 - __main__ - INFO - ================================================================================
2025-06-10 21:49:12,242 - __main__ - INFO - System Status: UNSTABLE
2025-06-10 21:49:12,242 - __main__ - INFO - Overall Certification: FAILED
2025-06-10 21:49:12,242 - __main__ - INFO - 
Individual Enhancement Results:
2025-06-10 21:49:12,242 - __main__ - INFO -   1. Closed-Loop Pole Analysis: FAIL
2025-06-10 21:49:12,242 - __main__ - INFO -   2. Lyapunov Stability: FAIL
2025-06-10 21:49:12,242 - __main__ - INFO -   3. Monte Carlo Robustness: FAIL
2025-06-10 21:49:12,242 - __main__ - INFO -   4. Matter Dynamics: FAIL
2025-06-10 21:49:12,243 - __main__ - INFO -   6. Real-Time Fault Detection: FAIL
2025-06-10 21:49:12,243 - __main__ - INFO - 
Stability Margin: -0.295371
2025-06-10 21:49:12,243 - __main__ - INFO - Monte Carlo Success Rate: 0.0%
2025-06-10 21:49:12,245 - __main__ - INFO - Additional tuning required before operational deployment.
2025-06-10 21:49:12,245 - __main__ - INFO - ================================================================================
2025-06-10 21:49:15,893 - __main__ - INFO - Production LQG-QFT Matter Converter initialized
2025-06-10 21:49:15,893 - __main__ - INFO - ================================================================================
2025-06-10 21:49:15,893 - __main__ - INFO - STARTING FULL ROBUSTNESS CERTIFICATION PIPELINE
2025-06-10 21:49:15,894 - __main__ - INFO - ================================================================================
2025-06-10 21:49:15,894 - __main__ - INFO - Control system matrices configured
2025-06-10 21:49:15,894 - __main__ - INFO - Starting Robustness Enhancement 1: Closed-Loop Pole Analysis
2025-06-10 21:49:15,897 - __main__ - INFO - Starting Robustness Enhancement 2: Lyapunov Stability Analysis
2025-06-10 21:49:15,898 - __main__ - INFO - Starting Robustness Enhancement 3: Monte Carlo Sweeps (N=1000)
2025-06-10 21:49:15,903 - __main__ - INFO - Monte Carlo progress: 100/1000
2025-06-10 21:49:15,908 - __main__ - INFO - Monte Carlo progress: 200/1000
2025-06-10 21:49:15,913 - __main__ - INFO - Monte Carlo progress: 300/1000
2025-06-10 21:49:15,918 - __main__ - INFO - Monte Carlo progress: 400/1000
2025-06-10 21:49:15,923 - __main__ - INFO - Monte Carlo progress: 500/1000
2025-06-10 21:49:15,928 - __main__ - INFO - Monte Carlo progress: 600/1000
2025-06-10 21:49:15,932 - __main__ - INFO - Monte Carlo progress: 700/1000
2025-06-10 21:49:15,938 - __main__ - INFO - Monte Carlo progress: 800/1000
2025-06-10 21:49:15,943 - __main__ - INFO - Monte Carlo progress: 900/1000
2025-06-10 21:49:15,948 - __main__ - INFO - Monte Carlo progress: 1000/1000
2025-06-10 21:49:15,949 - __main__ - INFO - Starting Robustness Enhancement 4: Matter-Density Dynamics
2025-06-10 21:49:16,217 - __main__ - INFO - Starting Robustness Enhancement 6: Real-Time Fault Detection
2025-06-10 21:49:16,250 - __main__ - INFO - 
================================================================================
2025-06-10 21:49:16,250 - __main__ - INFO - PRODUCTION CERTIFICATION REPORT
2025-06-10 21:49:16,250 - __main__ - INFO - ================================================================================
2025-06-10 21:49:16,250 - __main__ - INFO - System Status: UNSTABLE
2025-06-10 21:49:16,251 - __main__ - INFO - Overall Certification: FAILED
2025-06-10 21:49:16,251 - __main__ - INFO - 
Individual Enhancement Results:
2025-06-10 21:49:16,251 - __main__ - INFO -   1. Closed-Loop Pole Analysis: FAIL
2025-06-10 21:49:16,251 - __main__ - INFO -   2. Lyapunov Stability: FAIL
2025-06-10 21:49:16,251 - __main__ - INFO -   3. Monte Carlo Robustness: FAIL
2025-06-10 21:49:16,251 - __main__ - INFO -   4. Matter Dynamics: FAIL
2025-06-10 21:49:16,252 - __main__ - INFO -   6. Real-Time Fault Detection: FAIL
2025-06-10 21:49:16,252 - __main__ - INFO - 
Stability Margin: -0.295371
2025-06-10 21:49:16,252 - __main__ - INFO - Monte Carlo Success Rate: 0.0%
2025-06-10 21:49:16,254 - __main__ - INFO - Additional tuning required before operational deployment.
2025-06-10 21:49:16,254 - __main__ - INFO - ================================================================================
