2025-06-10 21:51:48,272 - __main__ - INFO - Production-Certified LQG-QFT Matter Converter initialized
2025-06-10 21:51:48,272 - __main__ - INFO - ================================================================================
2025-06-10 21:51:48,272 - __main__ - INFO - STARTING ENHANCED ROBUSTNESS CERTIFICATION PIPELINE
2025-06-10 21:51:48,272 - __main__ - INFO - ================================================================================
2025-06-10 21:51:48,273 - __main__ - INFO - Enhanced control system matrices configured
2025-06-10 21:51:48,273 - __main__ - INFO - Starting Enhanced Robustness Enhancement 1: Pole Analysis
2025-06-10 21:51:48,276 - __main__ - INFO - PASS: Pole analysis - All poles stable (margin: 0.6834)
2025-06-10 21:51:48,276 - __main__ - INFO - Starting Enhanced Robustness Enhancement 2: Lyapunov Stability
2025-06-10 21:51:48,277 - __main__ - INFO - PASS: Lyapunov stability - Global stability certified
2025-06-10 21:51:48,277 - __main__ - INFO - Starting Enhanced Robustness Enhancement 3: Monte Carlo (N=500)
2025-06-10 21:51:48,282 - __main__ - INFO - Monte Carlo progress: 50/500
2025-06-10 21:51:48,285 - __main__ - INFO - Monte Carlo progress: 100/500
2025-06-10 21:51:48,289 - __main__ - INFO - Monte Carlo progress: 150/500
2025-06-10 21:51:48,292 - __main__ - INFO - Monte Carlo progress: 200/500
2025-06-10 21:51:48,296 - __main__ - INFO - Monte Carlo progress: 250/500
2025-06-10 21:51:48,301 - __main__ - INFO - Monte Carlo progress: 300/500
2025-06-10 21:51:48,304 - __main__ - INFO - Monte Carlo progress: 350/500
2025-06-10 21:51:48,308 - __main__ - INFO - Monte Carlo progress: 400/500
2025-06-10 21:51:48,314 - __main__ - INFO - Monte Carlo progress: 450/500
2025-06-10 21:51:48,317 - __main__ - INFO - Monte Carlo progress: 500/500
2025-06-10 21:51:48,318 - __main__ - INFO - PASS: Monte Carlo robustness - 100.0% success rate
2025-06-10 21:51:48,318 - __main__ - INFO - Starting Enhanced Robustness Enhancement 4: Matter Dynamics
2025-06-10 21:51:50,039 - __main__ - INFO - PASS: Matter dynamics - Yield = 4.63e+02x
2025-06-10 21:51:50,040 - __main__ - INFO - Starting Enhanced Robustness Enhancement 5: H-infinity Control
2025-06-10 21:51:50,054 - __main__ - WARNING - FAIL: H-infinity control - Norm = 1.51
2025-06-10 21:51:50,054 - __main__ - INFO - Starting Enhanced Robustness Enhancement 6: Fault Detection
2025-06-10 21:51:50,079 - __main__ - WARNING - FAIL: Fault detection - DR=0.0%, FAR=0.000%
2025-06-10 21:51:50,079 - __main__ - INFO - 
================================================================================
2025-06-10 21:51:50,079 - __main__ - INFO - ENHANCED PRODUCTION CERTIFICATION REPORT
2025-06-10 21:51:50,079 - __main__ - INFO - ================================================================================
2025-06-10 21:51:50,079 - __main__ - INFO - System Status: STABLE
2025-06-10 21:51:50,079 - __main__ - INFO - Overall Certification: FAILED
2025-06-10 21:51:50,079 - __main__ - INFO - 
Enhanced Enhancement Results:
2025-06-10 21:51:50,081 - __main__ - INFO -   1. Enhanced Closed-Loop Pole Analysis: PASS
2025-06-10 21:51:50,081 - __main__ - INFO -   2. Enhanced Lyapunov Stability: PASS
2025-06-10 21:51:50,081 - __main__ - INFO -   3. Enhanced Monte Carlo Robustness: PASS
2025-06-10 21:51:50,081 - __main__ - INFO -   4. Enhanced Matter Dynamics: PASS
2025-06-10 21:51:50,081 - __main__ - INFO -   5. Enhanced H-infinity Robust Control: FAIL
2025-06-10 21:51:50,081 - __main__ - INFO -   6. Enhanced Real-Time Fault Detection: FAIL
2025-06-10 21:51:50,081 - __main__ - INFO - 
Stability Margin: 0.683433
2025-06-10 21:51:50,081 - __main__ - INFO - Monte Carlo Success Rate: 100.0%
2025-06-10 21:51:50,081 - __main__ - INFO - H-infinity Norm: 1.508
2025-06-10 21:51:50,082 - __main__ - INFO - 
WARNING: SYSTEM REQUIRES ADDITIONAL TUNING
2025-06-10 21:51:50,082 - __main__ - INFO - Some robustness criteria not met. Continue optimization.
2025-06-10 21:51:50,082 - __main__ - INFO - ================================================================================
2025-06-10 21:51:52,238 - __main__ - INFO - Production-Certified LQG-QFT Matter Converter initialized
2025-06-10 21:51:52,238 - __main__ - INFO - ================================================================================
2025-06-10 21:51:52,238 - __main__ - INFO - STARTING ENHANCED ROBUSTNESS CERTIFICATION PIPELINE
2025-06-10 21:51:52,240 - __main__ - INFO - ================================================================================
2025-06-10 21:51:52,240 - __main__ - INFO - Enhanced control system matrices configured
2025-06-10 21:51:52,240 - __main__ - INFO - Starting Enhanced Robustness Enhancement 1: Pole Analysis
2025-06-10 21:51:52,242 - __main__ - INFO - PASS: Pole analysis - All poles stable (margin: 0.6834)
2025-06-10 21:51:52,242 - __main__ - INFO - Starting Enhanced Robustness Enhancement 2: Lyapunov Stability
2025-06-10 21:51:52,243 - __main__ - INFO - PASS: Lyapunov stability - Global stability certified
2025-06-10 21:51:52,243 - __main__ - INFO - Starting Enhanced Robustness Enhancement 3: Monte Carlo (N=500)
2025-06-10 21:51:52,246 - __main__ - INFO - Monte Carlo progress: 50/500
2025-06-10 21:51:52,248 - __main__ - INFO - Monte Carlo progress: 100/500
2025-06-10 21:51:52,251 - __main__ - INFO - Monte Carlo progress: 150/500
2025-06-10 21:51:52,254 - __main__ - INFO - Monte Carlo progress: 200/500
2025-06-10 21:51:52,257 - __main__ - INFO - Monte Carlo progress: 250/500
2025-06-10 21:51:52,261 - __main__ - INFO - Monte Carlo progress: 300/500
2025-06-10 21:51:52,264 - __main__ - INFO - Monte Carlo progress: 350/500
2025-06-10 21:51:52,266 - __main__ - INFO - Monte Carlo progress: 400/500
2025-06-10 21:51:52,271 - __main__ - INFO - Monte Carlo progress: 450/500
2025-06-10 21:51:52,273 - __main__ - INFO - Monte Carlo progress: 500/500
2025-06-10 21:51:52,274 - __main__ - INFO - PASS: Monte Carlo robustness - 100.0% success rate
2025-06-10 21:51:52,274 - __main__ - INFO - Starting Enhanced Robustness Enhancement 4: Matter Dynamics
2025-06-10 21:51:53,801 - __main__ - INFO - PASS: Matter dynamics - Yield = 4.63e+02x
2025-06-10 21:51:53,801 - __main__ - INFO - Starting Enhanced Robustness Enhancement 5: H-infinity Control
2025-06-10 21:51:53,818 - __main__ - WARNING - FAIL: H-infinity control - Norm = 1.51
2025-06-10 21:51:53,818 - __main__ - INFO - Starting Enhanced Robustness Enhancement 6: Fault Detection
2025-06-10 21:51:53,845 - __main__ - WARNING - FAIL: Fault detection - DR=0.0%, FAR=0.000%
2025-06-10 21:51:53,845 - __main__ - INFO - 
================================================================================
2025-06-10 21:51:53,845 - __main__ - INFO - ENHANCED PRODUCTION CERTIFICATION REPORT
2025-06-10 21:51:53,845 - __main__ - INFO - ================================================================================
2025-06-10 21:51:53,845 - __main__ - INFO - System Status: STABLE
2025-06-10 21:51:53,845 - __main__ - INFO - Overall Certification: FAILED
2025-06-10 21:51:53,845 - __main__ - INFO - 
Enhanced Enhancement Results:
2025-06-10 21:51:53,845 - __main__ - INFO -   1. Enhanced Closed-Loop Pole Analysis: PASS
2025-06-10 21:51:53,845 - __main__ - INFO -   2. Enhanced Lyapunov Stability: PASS
2025-06-10 21:51:53,847 - __main__ - INFO -   3. Enhanced Monte Carlo Robustness: PASS
2025-06-10 21:51:53,847 - __main__ - INFO -   4. Enhanced Matter Dynamics: PASS
2025-06-10 21:51:53,847 - __main__ - INFO -   5. Enhanced H-infinity Robust Control: FAIL
2025-06-10 21:51:53,847 - __main__ - INFO -   6. Enhanced Real-Time Fault Detection: FAIL
2025-06-10 21:51:53,847 - __main__ - INFO - 
Stability Margin: 0.683433
2025-06-10 21:51:53,847 - __main__ - INFO - Monte Carlo Success Rate: 100.0%
2025-06-10 21:51:53,847 - __main__ - INFO - H-infinity Norm: 1.508
2025-06-10 21:51:53,847 - __main__ - INFO - 
WARNING: SYSTEM REQUIRES ADDITIONAL TUNING
2025-06-10 21:51:53,848 - __main__ - INFO - Some robustness criteria not met. Continue optimization.
2025-06-10 21:51:53,848 - __main__ - INFO - ================================================================================
2025-06-10 22:02:29,861 - __main__ - INFO - Production-Certified LQG-QFT Matter Converter initialized
2025-06-10 22:02:29,861 - __main__ - INFO - ================================================================================
2025-06-10 22:02:29,862 - __main__ - INFO - STARTING ENHANCED ROBUSTNESS CERTIFICATION PIPELINE
2025-06-10 22:02:29,862 - __main__ - INFO - ================================================================================
2025-06-10 22:02:29,862 - __main__ - INFO - Enhanced control system matrices configured
2025-06-10 22:02:29,862 - __main__ - INFO - Starting Enhanced Robustness Enhancement 1: Pole Analysis
2025-06-10 22:02:29,864 - __main__ - INFO - PASS: Pole analysis - All poles stable (margin: 0.6834)
2025-06-10 22:02:29,864 - __main__ - INFO - Starting Enhanced Robustness Enhancement 2: Lyapunov Stability
2025-06-10 22:02:29,864 - __main__ - INFO - PASS: Lyapunov stability - Global stability certified
2025-06-10 22:02:29,865 - __main__ - INFO - Starting Enhanced Robustness Enhancement 3: Monte Carlo (N=500)
2025-06-10 22:02:29,867 - __main__ - INFO - Monte Carlo progress: 50/500
2025-06-10 22:02:29,870 - __main__ - INFO - Monte Carlo progress: 100/500
2025-06-10 22:02:29,873 - __main__ - INFO - Monte Carlo progress: 150/500
2025-06-10 22:02:29,876 - __main__ - INFO - Monte Carlo progress: 200/500
2025-06-10 22:02:29,879 - __main__ - INFO - Monte Carlo progress: 250/500
2025-06-10 22:02:29,883 - __main__ - INFO - Monte Carlo progress: 300/500
2025-06-10 22:02:29,886 - __main__ - INFO - Monte Carlo progress: 350/500
2025-06-10 22:02:29,889 - __main__ - INFO - Monte Carlo progress: 400/500
2025-06-10 22:02:29,892 - __main__ - INFO - Monte Carlo progress: 450/500
2025-06-10 22:02:29,895 - __main__ - INFO - Monte Carlo progress: 500/500
2025-06-10 22:02:29,896 - __main__ - INFO - PASS: Monte Carlo robustness - 100.0% success rate
2025-06-10 22:02:29,896 - __main__ - INFO - Starting Enhanced Robustness Enhancement 4: Matter Dynamics
2025-06-10 22:02:31,409 - __main__ - INFO - PASS: Matter dynamics - Yield = 4.63e+02x
2025-06-10 22:02:31,437 - __main__ - INFO - PASS: H-infinity control - Norm = 0.001
2025-06-10 22:02:31,440 - __main__ - INFO - 
================================================================================
2025-06-10 22:02:31,440 - __main__ - INFO - ENHANCED PRODUCTION CERTIFICATION REPORT
2025-06-10 22:02:31,441 - __main__ - INFO - ================================================================================
2025-06-10 22:02:31,441 - __main__ - INFO - System Status: STABLE
2025-06-10 22:02:31,441 - __main__ - INFO - Overall Certification: FAILED
2025-06-10 22:02:31,441 - __main__ - INFO - 
Enhanced Enhancement Results:
2025-06-10 22:02:31,441 - __main__ - INFO -   1. Enhanced Closed-Loop Pole Analysis: PASS
2025-06-10 22:02:31,441 - __main__ - INFO -   2. Enhanced Lyapunov Stability: PASS
2025-06-10 22:02:31,441 - __main__ - INFO -   3. Enhanced Monte Carlo Robustness: PASS
2025-06-10 22:02:31,441 - __main__ - INFO -   4. Enhanced Matter Dynamics: PASS
2025-06-10 22:02:31,441 - __main__ - INFO -   5. Enhanced H-infinity Robust Control: PASS
2025-06-10 22:02:31,441 - __main__ - INFO -   6. Enhanced Real-Time Fault Detection: FAIL
2025-06-10 22:02:31,442 - __main__ - INFO - 
Stability Margin: 0.683433
2025-06-10 22:02:31,442 - __main__ - INFO - Monte Carlo Success Rate: 100.0%
2025-06-10 22:02:31,442 - __main__ - INFO - H-infinity Norm: 0.001
2025-06-10 22:02:31,442 - __main__ - INFO - 
WARNING: SYSTEM REQUIRES ADDITIONAL TUNING
2025-06-10 22:02:31,442 - __main__ - INFO - Some robustness criteria not met. Continue optimization.
2025-06-10 22:02:31,442 - __main__ - INFO - ================================================================================
2025-06-10 22:02:44,510 - __main__ - INFO - Production-Certified LQG-QFT Matter Converter initialized
2025-06-10 22:02:44,510 - __main__ - INFO - ================================================================================
2025-06-10 22:02:44,510 - __main__ - INFO - STARTING ENHANCED ROBUSTNESS CERTIFICATION PIPELINE
2025-06-10 22:02:44,510 - __main__ - INFO - ================================================================================
2025-06-10 22:02:44,510 - __main__ - INFO - Enhanced control system matrices configured
2025-06-10 22:02:44,510 - __main__ - INFO - Starting Enhanced Robustness Enhancement 1: Pole Analysis
2025-06-10 22:02:44,512 - __main__ - INFO - PASS: Pole analysis - All poles stable (margin: 0.6834)
2025-06-10 22:02:44,513 - __main__ - INFO - Starting Enhanced Robustness Enhancement 2: Lyapunov Stability
2025-06-10 22:02:44,513 - __main__ - INFO - PASS: Lyapunov stability - Global stability certified
2025-06-10 22:02:44,513 - __main__ - INFO - Starting Enhanced Robustness Enhancement 3: Monte Carlo (N=500)
2025-06-10 22:02:44,517 - __main__ - INFO - Monte Carlo progress: 50/500
2025-06-10 22:02:44,520 - __main__ - INFO - Monte Carlo progress: 100/500
2025-06-10 22:02:44,523 - __main__ - INFO - Monte Carlo progress: 150/500
2025-06-10 22:02:44,525 - __main__ - INFO - Monte Carlo progress: 200/500
2025-06-10 22:02:44,529 - __main__ - INFO - Monte Carlo progress: 250/500
2025-06-10 22:02:44,532 - __main__ - INFO - Monte Carlo progress: 300/500
2025-06-10 22:02:44,535 - __main__ - INFO - Monte Carlo progress: 350/500
2025-06-10 22:02:44,537 - __main__ - INFO - Monte Carlo progress: 400/500
2025-06-10 22:02:44,540 - __main__ - INFO - Monte Carlo progress: 450/500
2025-06-10 22:02:44,543 - __main__ - INFO - Monte Carlo progress: 500/500
2025-06-10 22:02:44,543 - __main__ - INFO - PASS: Monte Carlo robustness - 100.0% success rate
2025-06-10 22:02:44,543 - __main__ - INFO - Starting Enhanced Robustness Enhancement 4: Matter Dynamics
2025-06-10 22:02:46,050 - __main__ - INFO - PASS: Matter dynamics - Yield = 4.63e+02x
2025-06-10 22:02:46,077 - __main__ - INFO - PASS: H-infinity control - Norm = 0.001
2025-06-10 22:02:46,087 - __main__ - WARNING - FAIL: Fault detection - DR=0.0%, FAR=0.000%
2025-06-10 22:02:46,087 - __main__ - INFO - 
================================================================================
2025-06-10 22:02:46,087 - __main__ - INFO - ENHANCED PRODUCTION CERTIFICATION REPORT
2025-06-10 22:02:46,087 - __main__ - INFO - ================================================================================
2025-06-10 22:02:46,088 - __main__ - INFO - System Status: STABLE
2025-06-10 22:02:46,088 - __main__ - INFO - Overall Certification: FAILED
2025-06-10 22:02:46,088 - __main__ - INFO - 
Enhanced Enhancement Results:
2025-06-10 22:02:46,088 - __main__ - INFO -   1. Enhanced Closed-Loop Pole Analysis: PASS
2025-06-10 22:02:46,088 - __main__ - INFO -   2. Enhanced Lyapunov Stability: PASS
2025-06-10 22:02:46,088 - __main__ - INFO -   3. Enhanced Monte Carlo Robustness: PASS
2025-06-10 22:02:46,088 - __main__ - INFO -   4. Enhanced Matter Dynamics: PASS
2025-06-10 22:02:46,088 - __main__ - INFO -   5. Enhanced H-infinity Robust Control: PASS
2025-06-10 22:02:46,088 - __main__ - INFO -   6. Enhanced Real-Time Fault Detection: FAIL
2025-06-10 22:02:46,089 - __main__ - INFO - 
Stability Margin: 0.683433
2025-06-10 22:02:46,089 - __main__ - INFO - Monte Carlo Success Rate: 100.0%
2025-06-10 22:02:46,089 - __main__ - INFO - H-infinity Norm: 0.001
2025-06-10 22:02:46,089 - __main__ - INFO - 
WARNING: SYSTEM REQUIRES ADDITIONAL TUNING
2025-06-10 22:02:46,089 - __main__ - INFO - Some robustness criteria not met. Continue optimization.
2025-06-10 22:02:46,089 - __main__ - INFO - ================================================================================
2025-06-10 22:03:16,441 - __main__ - INFO - Production-Certified LQG-QFT Matter Converter initialized
2025-06-10 22:03:16,441 - __main__ - INFO - ================================================================================
2025-06-10 22:03:16,442 - __main__ - INFO - STARTING ENHANCED ROBUSTNESS CERTIFICATION PIPELINE
2025-06-10 22:03:16,442 - __main__ - INFO - ================================================================================
2025-06-10 22:03:16,442 - __main__ - INFO - Enhanced control system matrices configured
2025-06-10 22:03:16,442 - __main__ - INFO - Starting Enhanced Robustness Enhancement 1: Pole Analysis
2025-06-10 22:03:16,444 - __main__ - INFO - PASS: Pole analysis - All poles stable (margin: 0.6834)
2025-06-10 22:03:16,444 - __main__ - INFO - Starting Enhanced Robustness Enhancement 2: Lyapunov Stability
2025-06-10 22:03:16,444 - __main__ - INFO - PASS: Lyapunov stability - Global stability certified
2025-06-10 22:03:16,444 - __main__ - INFO - Starting Enhanced Robustness Enhancement 3: Monte Carlo (N=500)
2025-06-10 22:03:16,447 - __main__ - INFO - Monte Carlo progress: 50/500
2025-06-10 22:03:16,450 - __main__ - INFO - Monte Carlo progress: 100/500
2025-06-10 22:03:16,453 - __main__ - INFO - Monte Carlo progress: 150/500
2025-06-10 22:03:16,456 - __main__ - INFO - Monte Carlo progress: 200/500
2025-06-10 22:03:16,458 - __main__ - INFO - Monte Carlo progress: 250/500
2025-06-10 22:03:16,462 - __main__ - INFO - Monte Carlo progress: 300/500
2025-06-10 22:03:16,465 - __main__ - INFO - Monte Carlo progress: 350/500
2025-06-10 22:03:16,468 - __main__ - INFO - Monte Carlo progress: 400/500
2025-06-10 22:03:16,471 - __main__ - INFO - Monte Carlo progress: 450/500
2025-06-10 22:03:16,474 - __main__ - INFO - Monte Carlo progress: 500/500
2025-06-10 22:03:16,474 - __main__ - INFO - PASS: Monte Carlo robustness - 100.0% success rate
2025-06-10 22:03:16,475 - __main__ - INFO - Starting Enhanced Robustness Enhancement 4: Matter Dynamics
2025-06-10 22:03:17,977 - __main__ - INFO - PASS: Matter dynamics - Yield = 4.63e+02x
2025-06-10 22:03:18,004 - __main__ - INFO - PASS: H-infinity control - Norm = 0.001
2025-06-10 22:03:18,014 - __main__ - WARNING - FAIL: Fault detection - DR=0.0%, FAR=0.000%
2025-06-10 22:03:18,014 - __main__ - INFO - 
================================================================================
2025-06-10 22:03:18,014 - __main__ - INFO - ENHANCED PRODUCTION CERTIFICATION REPORT
2025-06-10 22:03:18,015 - __main__ - INFO - ================================================================================
2025-06-10 22:03:18,015 - __main__ - INFO - System Status: STABLE
2025-06-10 22:03:18,015 - __main__ - INFO - Overall Certification: FAILED
2025-06-10 22:03:18,015 - __main__ - INFO - 
Enhanced Enhancement Results:
2025-06-10 22:03:18,015 - __main__ - INFO -   1. Enhanced Closed-Loop Pole Analysis: PASS
2025-06-10 22:03:18,015 - __main__ - INFO -   2. Enhanced Lyapunov Stability: PASS
2025-06-10 22:03:18,015 - __main__ - INFO -   3. Enhanced Monte Carlo Robustness: PASS
2025-06-10 22:03:18,015 - __main__ - INFO -   4. Enhanced Matter Dynamics: PASS
2025-06-10 22:03:18,015 - __main__ - INFO -   5. Enhanced H-infinity Robust Control: PASS
2025-06-10 22:03:18,015 - __main__ - INFO -   6. Enhanced Real-Time Fault Detection: FAIL
2025-06-10 22:03:18,016 - __main__ - INFO - 
Stability Margin: 0.683433
2025-06-10 22:03:18,016 - __main__ - INFO - Monte Carlo Success Rate: 100.0%
2025-06-10 22:03:18,016 - __main__ - INFO - H-infinity Norm: 0.001
2025-06-10 22:03:18,016 - __main__ - INFO - 
WARNING: SYSTEM REQUIRES ADDITIONAL TUNING
2025-06-10 22:03:18,016 - __main__ - INFO - Some robustness criteria not met. Continue optimization.
2025-06-10 22:03:18,016 - __main__ - INFO - ================================================================================
2025-06-10 22:03:20,909 - __main__ - INFO - Production-Certified LQG-QFT Matter Converter initialized
2025-06-10 22:03:20,909 - __main__ - INFO - ================================================================================
2025-06-10 22:03:20,909 - __main__ - INFO - STARTING ENHANCED ROBUSTNESS CERTIFICATION PIPELINE
2025-06-10 22:03:20,910 - __main__ - INFO - ================================================================================
2025-06-10 22:03:20,910 - __main__ - INFO - Enhanced control system matrices configured
2025-06-10 22:03:20,910 - __main__ - INFO - Starting Enhanced Robustness Enhancement 1: Pole Analysis
2025-06-10 22:03:20,913 - __main__ - INFO - PASS: Pole analysis - All poles stable (margin: 0.6834)
2025-06-10 22:03:20,913 - __main__ - INFO - Starting Enhanced Robustness Enhancement 2: Lyapunov Stability
2025-06-10 22:03:20,914 - __main__ - INFO - PASS: Lyapunov stability - Global stability certified
2025-06-10 22:03:20,914 - __main__ - INFO - Starting Enhanced Robustness Enhancement 3: Monte Carlo (N=500)
2025-06-10 22:03:20,917 - __main__ - INFO - Monte Carlo progress: 50/500
2025-06-10 22:03:20,919 - __main__ - INFO - Monte Carlo progress: 100/500
2025-06-10 22:03:20,922 - __main__ - INFO - Monte Carlo progress: 150/500
2025-06-10 22:03:20,925 - __main__ - INFO - Monte Carlo progress: 200/500
2025-06-10 22:03:20,927 - __main__ - INFO - Monte Carlo progress: 250/500
2025-06-10 22:03:20,931 - __main__ - INFO - Monte Carlo progress: 300/500
2025-06-10 22:03:20,934 - __main__ - INFO - Monte Carlo progress: 350/500
2025-06-10 22:03:20,937 - __main__ - INFO - Monte Carlo progress: 400/500
2025-06-10 22:03:20,940 - __main__ - INFO - Monte Carlo progress: 450/500
2025-06-10 22:03:20,943 - __main__ - INFO - Monte Carlo progress: 500/500
2025-06-10 22:03:20,943 - __main__ - INFO - PASS: Monte Carlo robustness - 100.0% success rate
2025-06-10 22:03:20,943 - __main__ - INFO - Starting Enhanced Robustness Enhancement 4: Matter Dynamics
2025-06-10 22:03:22,441 - __main__ - INFO - PASS: Matter dynamics - Yield = 4.63e+02x
2025-06-10 22:03:22,470 - __main__ - INFO - PASS: H-infinity control - Norm = 0.001
2025-06-10 22:03:22,480 - __main__ - WARNING - FAIL: Fault detection - DR=0.0%, FAR=0.000%
2025-06-10 22:03:22,481 - __main__ - INFO - 
================================================================================
2025-06-10 22:03:22,481 - __main__ - INFO - ENHANCED PRODUCTION CERTIFICATION REPORT
2025-06-10 22:03:22,481 - __main__ - INFO - ================================================================================
2025-06-10 22:03:22,481 - __main__ - INFO - System Status: STABLE
2025-06-10 22:03:22,481 - __main__ - INFO - Overall Certification: FAILED
2025-06-10 22:03:22,481 - __main__ - INFO - 
Enhanced Enhancement Results:
2025-06-10 22:03:22,481 - __main__ - INFO -   1. Enhanced Closed-Loop Pole Analysis: PASS
2025-06-10 22:03:22,481 - __main__ - INFO -   2. Enhanced Lyapunov Stability: PASS
2025-06-10 22:03:22,481 - __main__ - INFO -   3. Enhanced Monte Carlo Robustness: PASS
2025-06-10 22:03:22,482 - __main__ - INFO -   4. Enhanced Matter Dynamics: PASS
2025-06-10 22:03:22,482 - __main__ - INFO -   5. Enhanced H-infinity Robust Control: PASS
2025-06-10 22:03:22,482 - __main__ - INFO -   6. Enhanced Real-Time Fault Detection: FAIL
2025-06-10 22:03:22,482 - __main__ - INFO - 
Stability Margin: 0.683433
2025-06-10 22:03:22,482 - __main__ - INFO - Monte Carlo Success Rate: 100.0%
2025-06-10 22:03:22,482 - __main__ - INFO - H-infinity Norm: 0.001
2025-06-10 22:03:22,482 - __main__ - INFO - 
WARNING: SYSTEM REQUIRES ADDITIONAL TUNING
2025-06-10 22:03:22,482 - __main__ - INFO - Some robustness criteria not met. Continue optimization.
2025-06-10 22:03:22,482 - __main__ - INFO - ================================================================================
2025-06-10 22:04:08,534 - __main__ - INFO - Production-Certified LQG-QFT Matter Converter initialized
2025-06-10 22:04:08,535 - __main__ - INFO - ================================================================================
2025-06-10 22:04:08,535 - __main__ - INFO - STARTING ENHANCED ROBUSTNESS CERTIFICATION PIPELINE
2025-06-10 22:04:08,535 - __main__ - INFO - ================================================================================
2025-06-10 22:04:08,535 - __main__ - INFO - Enhanced control system matrices configured
2025-06-10 22:04:08,535 - __main__ - INFO - Starting Enhanced Robustness Enhancement 1: Pole Analysis
2025-06-10 22:04:08,537 - __main__ - INFO - PASS: Pole analysis - All poles stable (margin: 0.6834)
2025-06-10 22:04:08,537 - __main__ - INFO - Starting Enhanced Robustness Enhancement 2: Lyapunov Stability
2025-06-10 22:04:08,538 - __main__ - INFO - PASS: Lyapunov stability - Global stability certified
2025-06-10 22:04:08,538 - __main__ - INFO - Starting Enhanced Robustness Enhancement 3: Monte Carlo (N=500)
2025-06-10 22:04:08,541 - __main__ - INFO - Monte Carlo progress: 50/500
2025-06-10 22:04:08,544 - __main__ - INFO - Monte Carlo progress: 100/500
2025-06-10 22:04:08,547 - __main__ - INFO - Monte Carlo progress: 150/500
2025-06-10 22:04:08,550 - __main__ - INFO - Monte Carlo progress: 200/500
2025-06-10 22:04:08,553 - __main__ - INFO - Monte Carlo progress: 250/500
2025-06-10 22:04:08,556 - __main__ - INFO - Monte Carlo progress: 300/500
2025-06-10 22:04:08,560 - __main__ - INFO - Monte Carlo progress: 350/500
2025-06-10 22:04:08,563 - __main__ - INFO - Monte Carlo progress: 400/500
2025-06-10 22:04:08,566 - __main__ - INFO - Monte Carlo progress: 450/500
2025-06-10 22:04:08,568 - __main__ - INFO - Monte Carlo progress: 500/500
2025-06-10 22:04:08,569 - __main__ - INFO - PASS: Monte Carlo robustness - 100.0% success rate
2025-06-10 22:04:08,569 - __main__ - INFO - Starting Enhanced Robustness Enhancement 4: Matter Dynamics
2025-06-10 22:04:10,089 - __main__ - INFO - PASS: Matter dynamics - Yield = 4.63e+02x
2025-06-10 22:04:10,120 - __main__ - INFO - PASS: H-infinity control - Norm = 0.001
2025-06-10 22:04:10,131 - __main__ - WARNING - FAIL: Fault detection - DR=0.0%, FAR=0.000%
2025-06-10 22:04:10,131 - __main__ - INFO - 
================================================================================
2025-06-10 22:04:10,131 - __main__ - INFO - ENHANCED PRODUCTION CERTIFICATION REPORT
2025-06-10 22:04:10,131 - __main__ - INFO - ================================================================================
2025-06-10 22:04:10,132 - __main__ - INFO - System Status: STABLE
2025-06-10 22:04:10,132 - __main__ - INFO - Overall Certification: FAILED
2025-06-10 22:04:10,132 - __main__ - INFO - 
Enhanced Enhancement Results:
2025-06-10 22:04:10,132 - __main__ - INFO -   1. Enhanced Closed-Loop Pole Analysis: PASS
2025-06-10 22:04:10,132 - __main__ - INFO -   2. Enhanced Lyapunov Stability: PASS
2025-06-10 22:04:10,132 - __main__ - INFO -   3. Enhanced Monte Carlo Robustness: PASS
2025-06-10 22:04:10,132 - __main__ - INFO -   4. Enhanced Matter Dynamics: PASS
2025-06-10 22:04:10,132 - __main__ - INFO -   5. Enhanced H-infinity Robust Control: PASS
2025-06-10 22:04:10,132 - __main__ - INFO -   6. Enhanced Real-Time Fault Detection: FAIL
2025-06-10 22:04:10,133 - __main__ - INFO - 
Stability Margin: 0.683433
2025-06-10 22:04:10,133 - __main__ - INFO - Monte Carlo Success Rate: 100.0%
2025-06-10 22:04:10,133 - __main__ - INFO - H-infinity Norm: 0.001
2025-06-10 22:04:10,133 - __main__ - INFO - 
WARNING: SYSTEM REQUIRES ADDITIONAL TUNING
2025-06-10 22:04:10,133 - __main__ - INFO - Some robustness criteria not met. Continue optimization.
2025-06-10 22:04:10,133 - __main__ - INFO - ================================================================================
2025-06-10 22:04:27,958 - __main__ - INFO - Production-Certified LQG-QFT Matter Converter initialized
2025-06-10 22:04:27,958 - __main__ - INFO - ================================================================================
2025-06-10 22:04:27,958 - __main__ - INFO - STARTING ENHANCED ROBUSTNESS CERTIFICATION PIPELINE
2025-06-10 22:04:27,958 - __main__ - INFO - ================================================================================
2025-06-10 22:04:27,958 - __main__ - INFO - Enhanced control system matrices configured
2025-06-10 22:04:27,958 - __main__ - INFO - Starting Enhanced Robustness Enhancement 1: Pole Analysis
2025-06-10 22:04:27,960 - __main__ - INFO - PASS: Pole analysis - All poles stable (margin: 0.6834)
2025-06-10 22:04:27,960 - __main__ - INFO - Starting Enhanced Robustness Enhancement 2: Lyapunov Stability
2025-06-10 22:04:27,961 - __main__ - INFO - PASS: Lyapunov stability - Global stability certified
2025-06-10 22:04:27,961 - __main__ - INFO - Starting Enhanced Robustness Enhancement 3: Monte Carlo (N=500)
2025-06-10 22:04:27,963 - __main__ - INFO - Monte Carlo progress: 50/500
2025-06-10 22:04:27,967 - __main__ - INFO - Monte Carlo progress: 100/500
2025-06-10 22:04:27,969 - __main__ - INFO - Monte Carlo progress: 150/500
2025-06-10 22:04:27,972 - __main__ - INFO - Monte Carlo progress: 200/500
2025-06-10 22:04:27,976 - __main__ - INFO - Monte Carlo progress: 250/500
2025-06-10 22:04:27,979 - __main__ - INFO - Monte Carlo progress: 300/500
2025-06-10 22:04:27,982 - __main__ - INFO - Monte Carlo progress: 350/500
2025-06-10 22:04:27,985 - __main__ - INFO - Monte Carlo progress: 400/500
2025-06-10 22:04:27,987 - __main__ - INFO - Monte Carlo progress: 450/500
2025-06-10 22:04:27,991 - __main__ - INFO - Monte Carlo progress: 500/500
2025-06-10 22:04:27,991 - __main__ - INFO - PASS: Monte Carlo robustness - 100.0% success rate
2025-06-10 22:04:27,991 - __main__ - INFO - Starting Enhanced Robustness Enhancement 4: Matter Dynamics
2025-06-10 22:04:29,488 - __main__ - INFO - PASS: Matter dynamics - Yield = 4.63e+02x
2025-06-10 22:04:29,514 - __main__ - INFO - PASS: H-infinity control - Norm = 0.001
2025-06-10 22:04:29,524 - __main__ - WARNING - FAIL: Fault detection - DR=0.0%, FAR=0.000%
2025-06-10 22:04:29,524 - __main__ - INFO - 
================================================================================
2025-06-10 22:04:29,524 - __main__ - INFO - ENHANCED PRODUCTION CERTIFICATION REPORT
2025-06-10 22:04:29,524 - __main__ - INFO - ================================================================================
2025-06-10 22:04:29,524 - __main__ - INFO - System Status: STABLE
2025-06-10 22:04:29,524 - __main__ - INFO - Overall Certification: FAILED
2025-06-10 22:04:29,524 - __main__ - INFO - 
Enhanced Enhancement Results:
2025-06-10 22:04:29,524 - __main__ - INFO -   1. Enhanced Closed-Loop Pole Analysis: PASS
2025-06-10 22:04:29,525 - __main__ - INFO -   2. Enhanced Lyapunov Stability: PASS
2025-06-10 22:04:29,525 - __main__ - INFO -   3. Enhanced Monte Carlo Robustness: PASS
2025-06-10 22:04:29,525 - __main__ - INFO -   4. Enhanced Matter Dynamics: PASS
2025-06-10 22:04:29,525 - __main__ - INFO -   5. Enhanced H-infinity Robust Control: PASS
2025-06-10 22:04:29,525 - __main__ - INFO -   6. Enhanced Real-Time Fault Detection: FAIL
2025-06-10 22:04:29,525 - __main__ - INFO - 
Stability Margin: 0.683433
2025-06-10 22:04:29,525 - __main__ - INFO - Monte Carlo Success Rate: 100.0%
2025-06-10 22:04:29,525 - __main__ - INFO - H-infinity Norm: 0.001
2025-06-10 22:04:29,525 - __main__ - INFO - 
WARNING: SYSTEM REQUIRES ADDITIONAL TUNING
2025-06-10 22:04:29,525 - __main__ - INFO - Some robustness criteria not met. Continue optimization.
2025-06-10 22:04:29,525 - __main__ - INFO - ================================================================================
2025-06-10 22:06:29,880 - __main__ - INFO - Production-Certified LQG-QFT Matter Converter initialized
2025-06-10 22:06:29,881 - __main__ - INFO - ================================================================================
2025-06-10 22:06:29,881 - __main__ - INFO - STARTING ENHANCED ROBUSTNESS CERTIFICATION PIPELINE
2025-06-10 22:06:29,881 - __main__ - INFO - ================================================================================
2025-06-10 22:06:29,881 - __main__ - INFO - Enhanced control system matrices configured
2025-06-10 22:06:29,881 - __main__ - INFO - Starting Enhanced Robustness Enhancement 1: Pole Analysis
2025-06-10 22:06:29,883 - __main__ - INFO - PASS: Pole analysis - All poles stable (margin: 0.6834)
2025-06-10 22:06:29,883 - __main__ - INFO - Starting Enhanced Robustness Enhancement 2: Lyapunov Stability
2025-06-10 22:06:29,884 - __main__ - INFO - PASS: Lyapunov stability - Global stability certified
2025-06-10 22:06:29,884 - __main__ - INFO - Starting Enhanced Robustness Enhancement 3: Monte Carlo (N=500)
2025-06-10 22:06:29,887 - __main__ - INFO - Monte Carlo progress: 50/500
2025-06-10 22:06:29,889 - __main__ - INFO - Monte Carlo progress: 100/500
2025-06-10 22:06:29,892 - __main__ - INFO - Monte Carlo progress: 150/500
2025-06-10 22:06:29,895 - __main__ - INFO - Monte Carlo progress: 200/500
2025-06-10 22:06:29,898 - __main__ - INFO - Monte Carlo progress: 250/500
2025-06-10 22:06:29,901 - __main__ - INFO - Monte Carlo progress: 300/500
2025-06-10 22:06:29,904 - __main__ - INFO - Monte Carlo progress: 350/500
2025-06-10 22:06:29,908 - __main__ - INFO - Monte Carlo progress: 400/500
2025-06-10 22:06:29,912 - __main__ - INFO - Monte Carlo progress: 450/500
2025-06-10 22:06:29,915 - __main__ - INFO - Monte Carlo progress: 500/500
2025-06-10 22:06:29,915 - __main__ - INFO - PASS: Monte Carlo robustness - 100.0% success rate
2025-06-10 22:06:29,915 - __main__ - INFO - Starting Enhanced Robustness Enhancement 4: Matter Dynamics
2025-06-10 22:06:31,403 - __main__ - INFO - PASS: Matter dynamics - Yield = 4.63e+02x
2025-06-10 22:06:31,431 - __main__ - INFO - PASS: H-infinity control - Norm = 0.001
2025-06-10 22:06:31,442 - __main__ - WARNING - FAIL: Fault detection - DR=0.0%, FAR=0.000%
2025-06-10 22:06:31,444 - __main__ - INFO - 
================================================================================
2025-06-10 22:06:31,444 - __main__ - INFO - ENHANCED PRODUCTION CERTIFICATION REPORT
2025-06-10 22:06:31,444 - __main__ - INFO - ================================================================================
2025-06-10 22:06:31,444 - __main__ - INFO - System Status: STABLE
2025-06-10 22:06:31,444 - __main__ - INFO - Overall Certification: FAILED
2025-06-10 22:06:31,444 - __main__ - INFO - 
Enhanced Enhancement Results:
2025-06-10 22:06:31,444 - __main__ - INFO -   1. Enhanced Closed-Loop Pole Analysis: PASS
2025-06-10 22:06:31,445 - __main__ - INFO -   2. Enhanced Lyapunov Stability: PASS
2025-06-10 22:06:31,445 - __main__ - INFO -   3. Enhanced Monte Carlo Robustness: PASS
2025-06-10 22:06:31,445 - __main__ - INFO -   4. Enhanced Matter Dynamics: PASS
2025-06-10 22:06:31,445 - __main__ - INFO -   5. Enhanced H-infinity Robust Control: PASS
2025-06-10 22:06:31,445 - __main__ - INFO -   6. Enhanced Real-Time Fault Detection: FAIL
2025-06-10 22:06:31,445 - __main__ - INFO - 
Stability Margin: 0.683433
2025-06-10 22:06:31,445 - __main__ - INFO - Monte Carlo Success Rate: 100.0%
2025-06-10 22:06:31,445 - __main__ - INFO - H-infinity Norm: 0.001
2025-06-10 22:06:31,445 - __main__ - INFO - 
WARNING: SYSTEM REQUIRES ADDITIONAL TUNING
2025-06-10 22:06:31,445 - __main__ - INFO - Some robustness criteria not met. Continue optimization.
2025-06-10 22:06:31,445 - __main__ - INFO - ================================================================================
2025-06-10 22:10:09,719 - __main__ - INFO - Production-Certified LQG-QFT Matter Converter initialized
2025-06-10 22:10:09,719 - __main__ - INFO - ================================================================================
2025-06-10 22:10:09,720 - __main__ - INFO - STARTING ENHANCED ROBUSTNESS CERTIFICATION PIPELINE
2025-06-10 22:10:09,720 - __main__ - INFO - ================================================================================
2025-06-10 22:10:09,720 - __main__ - INFO - Enhanced control system matrices configured
2025-06-10 22:10:09,720 - __main__ - INFO - Starting Enhanced Robustness Enhancement 1: Pole Analysis
2025-06-10 22:10:09,721 - __main__ - INFO - PASS: Pole analysis - All poles stable (margin: 0.6834)
2025-06-10 22:10:09,721 - __main__ - INFO - Starting Enhanced Robustness Enhancement 2: Lyapunov Stability
2025-06-10 22:10:09,722 - __main__ - INFO - PASS: Lyapunov stability - Global stability certified
2025-06-10 22:10:09,722 - __main__ - INFO - Starting Enhanced Robustness Enhancement 3: Monte Carlo (N=500)
2025-06-10 22:10:09,725 - __main__ - INFO - Monte Carlo progress: 50/500
2025-06-10 22:10:09,728 - __main__ - INFO - Monte Carlo progress: 100/500
2025-06-10 22:10:09,731 - __main__ - INFO - Monte Carlo progress: 150/500
2025-06-10 22:10:09,734 - __main__ - INFO - Monte Carlo progress: 200/500
2025-06-10 22:10:09,736 - __main__ - INFO - Monte Carlo progress: 250/500
2025-06-10 22:10:09,740 - __main__ - INFO - Monte Carlo progress: 300/500
2025-06-10 22:10:09,743 - __main__ - INFO - Monte Carlo progress: 350/500
2025-06-10 22:10:09,746 - __main__ - INFO - Monte Carlo progress: 400/500
2025-06-10 22:10:09,749 - __main__ - INFO - Monte Carlo progress: 450/500
2025-06-10 22:10:09,752 - __main__ - INFO - Monte Carlo progress: 500/500
2025-06-10 22:10:09,752 - __main__ - INFO - PASS: Monte Carlo robustness - 100.0% success rate
2025-06-10 22:10:09,752 - __main__ - INFO - Starting Enhanced Robustness Enhancement 4: Matter Dynamics
2025-06-10 22:10:11,336 - __main__ - INFO - PASS: Matter dynamics - Yield = 4.63e+02x
2025-06-10 22:10:11,362 - __main__ - INFO - PASS: H-infinity control - Norm = 0.001
2025-06-10 22:10:11,377 - __main__ - WARNING - FAIL: Fault detection - DR=0.0%, FAR=0.000%
2025-06-10 22:10:11,377 - __main__ - INFO - 
================================================================================
2025-06-10 22:10:11,377 - __main__ - INFO - ENHANCED PRODUCTION CERTIFICATION REPORT
2025-06-10 22:10:11,377 - __main__ - INFO - ================================================================================
2025-06-10 22:10:11,377 - __main__ - INFO - System Status: STABLE
2025-06-10 22:10:11,377 - __main__ - INFO - Overall Certification: FAILED
2025-06-10 22:10:11,378 - __main__ - INFO - 
Enhanced Enhancement Results:
2025-06-10 22:10:11,378 - __main__ - INFO -   1. Enhanced Closed-Loop Pole Analysis: PASS
2025-06-10 22:10:11,378 - __main__ - INFO -   2. Enhanced Lyapunov Stability: PASS
2025-06-10 22:10:11,378 - __main__ - INFO -   3. Enhanced Monte Carlo Robustness: PASS
2025-06-10 22:10:11,378 - __main__ - INFO -   4. Enhanced Matter Dynamics: PASS
2025-06-10 22:10:11,378 - __main__ - INFO -   5. Enhanced H-infinity Robust Control: PASS
2025-06-10 22:10:11,378 - __main__ - INFO -   6. Enhanced Real-Time Fault Detection: FAIL
2025-06-10 22:10:11,378 - __main__ - INFO - 
Stability Margin: 0.683433
2025-06-10 22:10:11,378 - __main__ - INFO - Monte Carlo Success Rate: 100.0%
2025-06-10 22:10:11,378 - __main__ - INFO - H-infinity Norm: 0.001
2025-06-10 22:10:11,378 - __main__ - INFO - 
WARNING: SYSTEM REQUIRES ADDITIONAL TUNING
2025-06-10 22:10:11,378 - __main__ - INFO - Some robustness criteria not met. Continue optimization.
2025-06-10 22:10:11,378 - __main__ - INFO - ================================================================================
2025-06-10 22:10:47,691 - __main__ - INFO - Production-Certified LQG-QFT Matter Converter initialized
2025-06-10 22:10:47,691 - __main__ - INFO - ================================================================================
2025-06-10 22:10:47,692 - __main__ - INFO - STARTING ENHANCED ROBUSTNESS CERTIFICATION PIPELINE
2025-06-10 22:10:47,692 - __main__ - INFO - ================================================================================
2025-06-10 22:10:47,692 - __main__ - INFO - Enhanced control system matrices configured
2025-06-10 22:10:47,692 - __main__ - INFO - Starting Enhanced Robustness Enhancement 1: Pole Analysis
2025-06-10 22:10:47,693 - __main__ - INFO - PASS: Pole analysis - All poles stable (margin: 0.6834)
2025-06-10 22:10:47,694 - __main__ - INFO - Starting Enhanced Robustness Enhancement 2: Lyapunov Stability
2025-06-10 22:10:47,694 - __main__ - INFO - PASS: Lyapunov stability - Global stability certified
2025-06-10 22:10:47,694 - __main__ - INFO - Starting Enhanced Robustness Enhancement 3: Monte Carlo (N=500)
2025-06-10 22:10:47,698 - __main__ - INFO - Monte Carlo progress: 50/500
2025-06-10 22:10:47,701 - __main__ - INFO - Monte Carlo progress: 100/500
2025-06-10 22:10:47,704 - __main__ - INFO - Monte Carlo progress: 150/500
2025-06-10 22:10:47,707 - __main__ - INFO - Monte Carlo progress: 200/500
2025-06-10 22:10:47,710 - __main__ - INFO - Monte Carlo progress: 250/500
2025-06-10 22:10:47,713 - __main__ - INFO - Monte Carlo progress: 300/500
2025-06-10 22:10:47,716 - __main__ - INFO - Monte Carlo progress: 350/500
2025-06-10 22:10:47,718 - __main__ - INFO - Monte Carlo progress: 400/500
2025-06-10 22:10:47,721 - __main__ - INFO - Monte Carlo progress: 450/500
2025-06-10 22:10:47,725 - __main__ - INFO - Monte Carlo progress: 500/500
2025-06-10 22:10:47,725 - __main__ - INFO - PASS: Monte Carlo robustness - 100.0% success rate
2025-06-10 22:10:47,725 - __main__ - INFO - Starting Enhanced Robustness Enhancement 4: Matter Dynamics
2025-06-10 22:10:49,250 - __main__ - INFO - PASS: Matter dynamics - Yield = 4.63e+02x
2025-06-10 22:10:49,278 - __main__ - INFO - PASS: H-infinity control - Norm = 0.001
2025-06-10 22:10:49,292 - __main__ - INFO - PASS: Fault detection - DR=4050.0%, FAR=0.000%
2025-06-10 22:10:49,292 - __main__ - INFO - 
================================================================================
2025-06-10 22:10:49,292 - __main__ - INFO - ENHANCED PRODUCTION CERTIFICATION REPORT
2025-06-10 22:10:49,292 - __main__ - INFO - ================================================================================
2025-06-10 22:10:49,292 - __main__ - INFO - System Status: PRODUCTION_READY
2025-06-10 22:10:49,292 - __main__ - INFO - Overall Certification: PASSED
2025-06-10 22:10:49,292 - __main__ - INFO - 
Enhanced Enhancement Results:
2025-06-10 22:10:49,292 - __main__ - INFO -   1. Enhanced Closed-Loop Pole Analysis: PASS
2025-06-10 22:10:49,292 - __main__ - INFO -   2. Enhanced Lyapunov Stability: PASS
2025-06-10 22:10:49,292 - __main__ - INFO -   3. Enhanced Monte Carlo Robustness: PASS
2025-06-10 22:10:49,292 - __main__ - INFO -   4. Enhanced Matter Dynamics: PASS
2025-06-10 22:10:49,293 - __main__ - INFO -   5. Enhanced H-infinity Robust Control: PASS
2025-06-10 22:10:49,293 - __main__ - INFO -   6. Enhanced Real-Time Fault Detection: PASS
2025-06-10 22:10:49,293 - __main__ - INFO - 
Stability Margin: 0.683433
2025-06-10 22:10:49,293 - __main__ - INFO - Monte Carlo Success Rate: 100.0%
2025-06-10 22:10:49,293 - __main__ - INFO - H-infinity Norm: 0.001
2025-06-10 22:10:49,293 - __main__ - INFO - 
SUCCESS: SYSTEM IS PRODUCTION-READY FOR RELIABLE MATTER GENERATION
2025-06-10 22:10:49,293 - __main__ - INFO - All enhanced robustness criteria met. Safe for operational deployment.
2025-06-10 22:10:49,293 - __main__ - INFO - ================================================================================
